{
  "RSpec": {
    "coverage": {
      "/Users/caitlincooling/Projects/acebook-gracebook/spec/controllers/posts_controller_spec.rb": [
        null,
        null,
        1,
        1,
        null,
        1,
        1,
        1,
        0,
        0,
        null,
        null,
        null,
        1,
        1,
        0,
        0,
        null,
        null,
        1,
        1,
        1,
        1,
        null,
        null,
        null,
        1,
        1,
        0,
        0,
        null,
        null,
        null
      ],
      "/Users/caitlincooling/Projects/acebook-gracebook/spec/rails_helper.rb": [
        null,
        null,
        null,
        1,
        1,
        null,
        1,
        1,
        1,
        1,
        1,
        null,
        null,
        null,
        null,
        null,
        null,
        null,
        null,
        null,
        null,
        null,
        null,
        null,
        null,
        null,
        null,
        null,
        null,
        null,
        1,
        null,
        1,
        null,
        1,
        null,
        null,
        null,
        null,
        1,
        null,
        null,
        null,
        null,
        null,
        null,
        null,
        null,
        null,
        null,
        null,
        null,
        null,
        null,
        1,
        null,
        null,
        1,
        null,
        null,
        null
      ],
      "/Users/caitlincooling/Projects/acebook-gracebook/config/environment.rb": [
        null,
        null,
        null,
        1,
        null,
        null,
        1
      ],
      "/Users/caitlincooling/Projects/acebook-gracebook/config/application.rb": [
        null,
        null,
        1,
        null,
        1,
        null,
        null,
        null,
        1,
        null,
        1,
        1,
        null,
        1,
        null,
        null,
        null,
        null,
        null,
        null
      ],
      "/Users/caitlincooling/Projects/acebook-gracebook/config/boot.rb": [
        null,
        null,
        1,
        null,
        1
      ],
      "/Users/caitlincooling/Projects/acebook-gracebook/config/environments/test.rb": [
        null,
        null,
        1,
        null,
        null,
        null,
        null,
        null,
        null,
        1,
        null,
        null,
        null,
        null,
        1,
        null,
        null,
        1,
        1,
        null,
        null,
        null,
        null,
        1,
        1,
        null,
        null,
        1,
        null,
        null,
        1,
        1,
        null,
        null,
        null,
        null,
        1,
        null,
        null,
        1,
        null,
        null,
        null,
        null
      ],
      "/Users/caitlincooling/Projects/acebook-gracebook/config/initializers/application_controller_renderer.rb": [
        null,
        null,
        null,
        null,
        null,
        null,
        null,
        null
      ],
      "/Users/caitlincooling/Projects/acebook-gracebook/config/initializers/assets.rb": [
        null,
        null,
        null,
        null,
        null,
        1,
        null,
        null,
        null,
        null,
        1,
        null,
        null,
        null,
        null,
        null
      ],
      "/Users/caitlincooling/Projects/acebook-gracebook/config/initializers/backtrace_silencers.rb": [
        null,
        null,
        null,
        null,
        null,
        null,
        null,
        null,
        null
      ],
      "/Users/caitlincooling/Projects/acebook-gracebook/config/initializers/cookies_serializer.rb": [
        null,
        null,
        null,
        null,
        null,
        null,
        1
      ],
      "/Users/caitlincooling/Projects/acebook-gracebook/config/initializers/filter_parameter_logging.rb": [
        null,
        null,
        null,
        null,
        null,
        1
      ],
      "/Users/caitlincooling/Projects/acebook-gracebook/config/initializers/inflections.rb": [
        null,
        null,
        null,
        null,
        null,
        null,
        null,
        null,
        null,
        null,
        null,
        null,
        null,
        null,
        null,
        null,
        null,
        null
      ],
      "/Users/caitlincooling/Projects/acebook-gracebook/config/initializers/mime_types.rb": [
        null,
        null,
        null,
        null,
        null,
        null
      ],
      "/Users/caitlincooling/Projects/acebook-gracebook/config/initializers/wrap_parameters.rb": [
        null,
        null,
        null,
        null,
        null,
        null,
        null,
        null,
        1,
        2,
        null,
        null,
        null,
        null,
        null,
        null
      ],
      "/Users/caitlincooling/Projects/acebook-gracebook/config/routes.rb": [
        null,
        null,
        1,
        1,
        1,
        1,
        null
      ],
      "/Users/caitlincooling/Projects/acebook-gracebook/app/helpers/application_helper.rb": [
        null,
        null,
        1,
        null
      ],
      "/Users/caitlincooling/Projects/acebook-gracebook/app/helpers/users_helper.rb": [
        null,
        null,
        null,
        1,
        1,
        0,
        0,
        0,
        null,
        null
      ],
      "/Users/caitlincooling/Projects/acebook-gracebook/spec/web_helper.rb": [
        1,
        null,
        1,
        null,
        null,
        null,
        null,
        null,
        null,
        1,
        1,
        null
      ],
      "/Users/caitlincooling/Projects/acebook-gracebook/app/controllers/posts_controller.rb": [
        null,
        null,
        1,
        1,
        0,
        null,
        null,
        1,
        1,
        1,
        null,
        null,
        1,
        0,
        null,
        null,
        1,
        null,
        1,
        1,
        null,
        null
      ],
      "/Users/caitlincooling/Projects/acebook-gracebook/app/controllers/application_controller.rb": [
        null,
        null,
        1,
        1,
        null
      ],
      "/Users/caitlincooling/Projects/acebook-gracebook/app/models/user.rb": [
        null,
        null,
        null,
        1,
        1,
        2,
        1,
        1,
        1,
        null,
        null,
        1,
        1,
        null
      ],
      "/Users/caitlincooling/Projects/acebook-gracebook/app/models/application_record.rb": [
        null,
        null,
        1,
        1,
        null
      ],
      "/Users/caitlincooling/Projects/acebook-gracebook/app/models/post.rb": [
        null,
        null,
        1,
        1,
        null,
        null
      ]
    },
    "timestamp": 1542715486
  }
}
