{
  "RSpec": {
    "coverage": {
      "/Users/caitlincooling/Projects/acebook-gracebook/app/models/user.rb": [
        null,
        null,
        null,
        1,
        1,
        1,
        2,
        1,
        1,
        1,
        null,
        null,
        1,
        1,
        null
      ],
      "/Users/caitlincooling/Projects/acebook-gracebook/app/models/application_record.rb": [
        null,
        null,
        1,
        1,
        null
      ],
      "/Users/caitlincooling/Projects/acebook-gracebook/app/controllers/users_controller.rb": [
        null,
        null,
        null,
        1,
        1,
        null,
        1,
        1,
        1,
        null,
        0,
        null,
        null,
        1,
        1,
        null,
        null,
        1,
        0,
        null,
        null,
        1,
        0,
        0,
        null,
        null,
        1,
        null,
        1,
        0,
        null,
        null,
        null,
        1,
        1,
        null,
        null
      ],
      "/Users/caitlincooling/Projects/acebook-gracebook/app/controllers/application_controller.rb": [
        null,
        null,
        1,
        1,
        1,
        1,
        1,
        1,
        1,
        null
      ],
      "/Users/caitlincooling/Projects/acebook-gracebook/app/controllers/sessions_controller.rb": [
        null,
        null,
        null,
        1,
        1,
        null,
        1,
        1,
        1,
        null,
        null,
        1,
        0,
        0,
        null,
        null
      ],
      "/Users/caitlincooling/Projects/acebook-gracebook/app/models/wall.rb": [
        null,
        null,
        null,
        1,
        1,
        null,
        1,
        1,
        1,
        null,
        null,
        1,
        1,
        1,
        null,
        null
      ],
      "/Users/caitlincooling/Projects/acebook-gracebook/app/models/post.rb": [
        null,
        null,
        null,
        1,
        1,
        1,
        null
      ],
      "/Users/caitlincooling/Projects/acebook-gracebook/app/controllers/albums_controller.rb": [
        1,
        1,
        null,
        null,
        1,
        null,
        null,
        1,
        null,
        null,
        1,
        null,
        null,
        1,
        null,
        null,
        1,
        null,
        null,
        1,
        null,
        null
      ],
      "/Users/caitlincooling/Projects/acebook-gracebook/app/mailers/application_mailer.rb": [
        null,
        null,
        null,
        null,
        null,
        null
      ],
      "/Users/caitlincooling/Projects/acebook-gracebook/app/models/album.rb": [
        0,
        0,
        0
      ],
      "/Users/caitlincooling/Projects/acebook-gracebook/app/models/comment.rb": [
        null,
        null,
        null,
        0,
        0,
        0,
        0
      ],
      "/Users/caitlincooling/Projects/acebook-gracebook/app/jobs/application_job.rb": [
        null,
        null,
        null,
        null
      ],
      "/Users/caitlincooling/Projects/acebook-gracebook/app/controllers/comments_controller.rb": [
        null,
        null,
        null,
        0,
        0,
        0,
        0,
        null,
        0,
        0,
        0,
        0,
        0,
        0,
        null,
        0,
        0,
        0,
        0,
        0,
        0,
        0,
        0,
        null,
        0,
        0,
        0,
        0,
        null,
        0,
        0,
        0,
        0,
        0,
        0,
        0,
        0,
        0,
        0,
        null,
        0,
        null,
        0,
        0,
        0,
        0
      ],
      "/Users/caitlincooling/Projects/acebook-gracebook/app/controllers/posts_controller.rb": [
        null,
        null,
        0,
        0,
        null,
        0,
        0,
        0,
        null,
        0,
        0,
        0,
        0,
        0,
        0,
        null,
        0,
        0,
        0,
        null,
        0,
        0,
        0,
        0,
        0,
        0,
        0,
        0,
        null,
        0,
        0,
        0,
        0,
        null,
        0,
        0,
        0,
        0,
        0,
        0,
        0,
        0,
        0,
        null,
        0,
        null,
        0,
        0,
        0,
        null,
        0,
        0,
        0,
        null,
        0,
        0,
        0,
        null,
        0,
        0,
        0,
        0
      ],
      "/Users/caitlincooling/Projects/acebook-gracebook/app/channels/application_cable/connection.rb": [
        null,
        null,
        null,
        null,
        null,
        null
      ],
      "/Users/caitlincooling/Projects/acebook-gracebook/app/channels/application_cable/channel.rb": [
        null,
        null,
        null,
        null,
        null,
        null
      ]
    },
    "timestamp": 1543509784
  }
}
